***True Count vs Observed Count output*** 

Call:
lm(formula = V1 ~ rnameN)

Residuals:
     Min       1Q   Median       3Q      Max 
-0.17795 -0.04389 -0.01055  0.06408  0.13830 

Coefficients:
             Estimate Std. Error  t value Pr(>|t|)    
(Intercept) 5.039e-02  4.529e-04    111.3   <2e-16 ***
rnameN      9.993e-04  7.845e-09 127388.1   <2e-16 ***
---
Signif. codes:  0 '***' 0.001 '**' 0.01 '*' 0.05 '.' 0.1 ' ' 1

Residual standard error: 0.07161 on 99998 degrees of freedom
Multiple R-squared:      1,	Adjusted R-squared:      1 
F-statistic: 1.623e+10 on 1 and 99998 DF,  p-value: < 2.2e-16

x_INTERCEPT(C) 0.05039439 
x_GRADIENT(M) 0.000999305 

***Mean vs Var output*** 

Call:
lm(formula = V1 ~ V2)

Residuals:
    Min      1Q  Median      3Q     Max 
-1.9046 -0.8825 -0.3690  0.7066  2.4663 

Coefficients:
             Estimate Std. Error t value Pr(>|t|)    
(Intercept) 1.1902093  0.0066764   178.3   <2e-16 ***
V2          0.9688104  0.0001141  8492.7   <2e-16 ***
---
Signif. codes:  0 '***' 0.001 '**' 0.01 '*' 0.05 '.' 0.1 ' ' 1

Residual standard error: 1.073 on 99998 degrees of freedom
Multiple R-squared:  0.9986,	Adjusted R-squared:  0.9986 
F-statistic: 7.213e+07 on 1 and 99998 DF,  p-value: < 2.2e-16

m_INTERCEPT(C) 1.190209 
m_GRADIENT(M) 0.9688104 
