***True Count vs Observed Count output*** 

Call:
lm(formula = V1 ~ rnameN)

Residuals:
     Min       1Q   Median       3Q      Max 
-1.11006 -0.30821  0.02463  0.26411  1.15418 

Coefficients:
             Estimate Std. Error   t value Pr(>|t|)    
(Intercept) 3.382e-01  2.717e-03     124.5   <2e-16 ***
rnameN      2.500e-01  4.706e-08 5312249.6   <2e-16 ***
---
Signif. codes:  0 '***' 0.001 '**' 0.01 '*' 0.05 '.' 0.1 ' ' 1

Residual standard error: 0.4296 on 99998 degrees of freedom
Multiple R-squared:      1,	Adjusted R-squared:      1 
F-statistic: 2.822e+13 on 1 and 99998 DF,  p-value: < 2.2e-16

x_INTERCEPT(C) 0.3381716 
x_GRADIENT(M) 0.2499879 

***Mean vs Var output*** 

Call:
lm(formula = V1 ~ V2)

Residuals:
    Min      1Q  Median      3Q     Max 
-460.65  -85.68    6.37  108.43  388.87 

Coefficients:
              Estimate Std. Error  t value Pr(>|t|)    
(Intercept) -1.923e+01  8.688e-01   -22.14   <2e-16 ***
V2           1.380e+00  8.298e-05 16631.11   <2e-16 ***
---
Signif. codes:  0 '***' 0.001 '**' 0.01 '*' 0.05 '.' 0.1 ' ' 1

Residual standard error: 137.2 on 99998 degrees of freedom
Multiple R-squared:  0.9996,	Adjusted R-squared:  0.9996 
F-statistic: 2.766e+08 on 1 and 99998 DF,  p-value: < 2.2e-16

m_INTERCEPT(C) -19.23341 
m_GRADIENT(M) 1.380122 
